[2022-12-11 16:50:40] [ INFO ] [PacienteService:50] Se comenzo el listado de todos los turnos
[2022-12-11 16:54:35] [ INFO ] [PacienteService:50] Se comenzo el listado de todos los turnos
[2022-12-11 17:01:18] [ INFO ] [PacienteService:22] Se comenzó el guardado de un paciente con apellido: Zampelunghe
[2022-12-11 17:01:18] [ INFO ] [PacienteService:35] Se comenzó la busqueda de un paciente con id: 1
[2022-12-11 17:01:18] [ INFO ] [PacienteService:39] Se comenzó el listado de todos los pacientes 
[2022-12-11 17:01:18] [ INFO ] [PacienteService:31] Se comenzó la actualizacion de un paciente con apellido: Ayela
[2022-12-11 17:01:18] [ INFO ] [PacienteService:35] Se comenzó la busqueda de un paciente con id: 1
[2022-12-11 17:01:18] [ WARN ] [PacienteService:28] se borro al paciente con id: 1
[2022-12-11 17:01:18] [ INFO ] [PacienteService:35] Se comenzó la busqueda de un paciente con id: 1
[2022-12-11 17:01:41] [ INFO ] [PacienteService:22] Se comenzó el guardado de un paciente con apellido: Zampelunghe
[2022-12-11 17:01:41] [ INFO ] [PacienteService:35] Se comenzó la busqueda de un paciente con id: 1
[2022-12-11 17:01:41] [ INFO ] [PacienteService:39] Se comenzó el listado de todos los pacientes 
[2022-12-11 17:01:41] [ INFO ] [PacienteService:31] Se comenzó la actualizacion de un paciente con apellido: Ayela
[2022-12-11 17:01:41] [ INFO ] [PacienteService:35] Se comenzó la busqueda de un paciente con id: 1
[2022-12-11 17:01:41] [ WARN ] [PacienteService:28] se borro al paciente con id: 1
[2022-12-11 17:01:41] [ INFO ] [PacienteService:35] Se comenzó la busqueda de un paciente con id: 1
[2022-12-11 17:05:59] [ INFO ] [OdontologoService:23] Se comenzó el guardado de un odontologo con apellido: Sinual
[2022-12-11 17:05:59] [ INFO ] [OdontologoService:42] Se comenzó la busqueda del odontolog: 1
[2022-12-11 17:05:59] [ INFO ] [OdontologoService:36] Se comenzó el listado de odontologos
[2022-12-11 17:05:59] [ INFO ] [OdontologoService:31] Se comenzó la actualización del odontologo: null
[2022-12-11 17:05:59] [ INFO ] [OdontologoService:42] Se comenzó la busqueda del odontolog: 2
[2022-12-11 17:05:59] [ WARN ] [OdontologoService:28] Se eliminó el odontologo con id: 1
[2022-12-11 17:05:59] [ INFO ] [OdontologoService:42] Se comenzó la busqueda del odontolog: 1
[2022-12-11 17:15:21] [ INFO ] [PacienteService:27] Se comenzó el guardado del turno con id: null
[2022-12-11 17:18:21] [ INFO ] [PacienteService:27] Se comenzó el guardado del turno con id: null
[2022-12-11 17:19:12] [ INFO ] [PacienteService:27] Se comenzó el guardado del turno con id: null
[2022-12-11 17:22:15] [ INFO ] [PacienteService:27] Se comenzó el guardado del turno con id: 1
[2022-12-11 17:23:12] [ INFO ] [PacienteService:27] Se comenzó el guardado del turno con id: 1
[2022-12-11 17:38:08] [ INFO ] [PacienteService:27] Se comenzó el guardado del turno con id: 1
[2022-12-11 17:39:02] [ INFO ] [PacienteService:50] Se comenzo el listado de todos los turnos
[2022-12-11 17:39:07] [ INFO ] [PacienteService:50] Se comenzo el listado de todos los turnos
[2022-12-11 17:39:10] [ INFO ] [PacienteService:50] Se comenzo el listado de todos los turnos
[2022-12-11 17:39:12] [ INFO ] [PacienteService:50] Se comenzo el listado de todos los turnos
[2022-12-11 17:40:06] [ INFO ] [PacienteService:50] Se comenzo el listado de todos los turnos
[2022-12-11 17:41:06] [ INFO ] [PacienteService:50] Se comenzo el listado de todos los turnos
[2022-12-11 17:41:10] [ INFO ] [PacienteService:35] Se comenzó la busqueda de un paciente con id: 1
[2022-12-11 17:41:10] [ ERROR] [GlobalExceptions:22] El sistema detecto un problema, se registro el siguiente mensaje No se puede registrar un turno cuando no exista un odontologo y/o un paciente
[2022-12-11 17:41:11] [ INFO ] [PacienteService:50] Se comenzo el listado de todos los turnos
[2022-12-11 17:45:14] [ INFO ] [PacienteService:50] Se comenzo el listado de todos los turnos
[2022-12-11 17:45:14] [ INFO ] [PacienteService:50] Se comenzo el listado de todos los turnos
[2022-12-11 17:45:29] [ INFO ] [PacienteService:50] Se comenzo el listado de todos los turnos
[2022-12-11 17:45:29] [ INFO ] [PacienteService:39] Se comenzó el listado de todos los pacientes 
[2022-12-11 17:45:30] [ INFO ] [OdontologoService:36] Se comenzó el listado de odontologos
[2022-12-11 17:45:36] [ INFO ] [OdontologoService:23] Se comenzó el guardado de un odontologo con apellido: Zampelunghe
[2022-12-11 17:45:48] [ INFO ] [PacienteService:22] Se comenzó el guardado de un paciente con apellido: Zampelunghe
[2022-12-11 17:45:50] [ INFO ] [PacienteService:39] Se comenzó el listado de todos los pacientes 
[2022-12-11 17:45:51] [ INFO ] [OdontologoService:36] Se comenzó el listado de odontologos
[2022-12-11 17:45:56] [ INFO ] [PacienteService:35] Se comenzó la busqueda de un paciente con id: 1
[2022-12-11 17:45:56] [ INFO ] [OdontologoService:42] Se comenzó la busqueda del odontolog: 1
[2022-12-11 17:45:56] [ INFO ] [PacienteService:27] Se comenzó el guardado del turno con id: null
[2022-12-11 17:45:57] [ INFO ] [PacienteService:50] Se comenzo el listado de todos los turnos
[2022-12-11 17:49:47] [ INFO ] [PacienteService:27] Se comenzó el guardado del turno con id: 1
[2022-12-11 17:52:47] [ INFO ] [PacienteService:27] Se comenzó el guardado del turno con id: 1
[2022-12-11 17:55:00] [ INFO ] [OdontologoService:23] Se comenzó el guardado de un odontologo con apellido: Sinual
[2022-12-11 17:55:00] [ INFO ] [PacienteService:22] Se comenzó el guardado de un paciente con apellido: Zampelunghe
[2022-12-11 17:55:00] [ INFO ] [PacienteService:27] Se comenzó el guardado del turno con id: 1
[2022-12-11 18:31:03] [ INFO ] [PacienteService:22] Se comenzó el guardado de un paciente con apellido: Zampelunghe
[2022-12-11 18:31:03] [ INFO ] [PacienteService:35] Se comenzó la busqueda de un paciente con id: 1
[2022-12-11 18:31:04] [ INFO ] [PacienteService:39] Se comenzó el listado de todos los pacientes 
[2022-12-11 18:31:04] [ INFO ] [PacienteService:31] Se comenzó la actualizacion de un paciente con apellido: Ayela
[2022-12-11 18:31:04] [ INFO ] [PacienteService:35] Se comenzó la busqueda de un paciente con id: 1
[2022-12-11 18:31:04] [ WARN ] [PacienteService:28] se borro al paciente con id: 1
[2022-12-11 18:31:04] [ INFO ] [PacienteService:35] Se comenzó la busqueda de un paciente con id: 1
[2022-12-11 18:40:43] [ INFO ] [OdontologoService:23] Se comenzó el guardado de un odontologo con apellido: Sinual
[2022-12-11 18:40:43] [ INFO ] [PacienteService:22] Se comenzó el guardado de un paciente con apellido: Zampelunghe
[2022-12-11 18:40:43] [ INFO ] [PacienteService:27] Se comenzó el guardado del turno con id: 1
[2022-12-11 18:40:43] [ INFO ] [PacienteService:40] se comenzó la busqueda del turno con id: 1
[2022-12-11 18:40:43] [ INFO ] [PacienteService:50] Se comenzo el listado de todos los turnos
[2022-12-11 18:40:43] [ INFO ] [OdontologoService:23] Se comenzó el guardado de un odontologo con apellido: R
[2022-12-11 18:40:43] [ INFO ] [PacienteService:22] Se comenzó el guardado de un paciente con apellido: Rodriguez
[2022-12-11 18:40:43] [ INFO ] [PacienteService:40] se comenzó la busqueda del turno con id: 1
[2022-12-11 19:04:23] [ INFO ] [PacienteService:50] Se comenzo el listado de todos los turnos
[2022-12-11 19:04:29] [ INFO ] [OdontologoService:23] Se comenzó el guardado de un odontologo con apellido: Zampelunghe
[2022-12-11 19:04:41] [ INFO ] [PacienteService:22] Se comenzó el guardado de un paciente con apellido: JjJj
[2022-12-11 19:05:44] [ INFO ] [OdontologoService:36] Se comenzó el listado de odontologos
[2022-12-11 19:05:50] [ INFO ] [OdontologoService:23] Se comenzó el guardado de un odontologo con apellido: Zampelunghe
[2022-12-11 19:05:51] [ INFO ] [OdontologoService:36] Se comenzó el listado de odontologos
[2022-12-11 19:06:02] [ INFO ] [PacienteService:22] Se comenzó el guardado de un paciente con apellido: Zampelunghe
[2022-12-11 19:06:04] [ INFO ] [PacienteService:39] Se comenzó el listado de todos los pacientes 
[2022-12-11 19:06:09] [ INFO ] [PacienteService:35] Se comenzó la busqueda de un paciente con id: 1
[2022-12-11 19:06:09] [ INFO ] [OdontologoService:42] Se comenzó la busqueda del odontologo: 1
[2022-12-11 19:06:09] [ INFO ] [PacienteService:27] Se comenzó el guardado del turno con id: null
[2022-12-11 19:06:10] [ INFO ] [PacienteService:50] Se comenzo el listado de todos los turnos
